<?xml version="1.0" encoding="UTF-8"?>
<testng-results skipped="0" failed="0" ignored="0" total="1" passed="1">
  <reporter-output>
  </reporter-output>
  <suite name="Command line suite" duration-ms="6" started-at="2017-04-26T06:24:44Z" finished-at="2017-04-26T06:24:44Z">
    <groups>
    </groups>
    <test name="Command line test" duration-ms="6" started-at="2017-04-26T06:24:44Z" finished-at="2017-04-26T06:24:44Z">
      <class name="com.Rest.AppTest">
        <test-method status="PASS" signature="testApp()[pri:0, instance:testApp(com.Rest.AppTest)]" name="testApp" duration-ms="0" started-at="2017-04-26T11:54:44Z" finished-at="2017-04-26T11:54:44Z">
          <reporter-output>
          </reporter-output>
        </test-method> <!-- testApp -->
      </class> <!-- com.Rest.AppTest -->
    </test> <!-- Command line test -->
  </suite> <!-- Command line suite -->
</testng-results>
