<?xml version="1.0" encoding="UTF-8"?>
<!-- Generated by org.testng.reporters.JUnitXMLReporter -->
<testsuite hostname="RIPL-LT-PKulkar" ignored="0" name="Command line test" tests="4" failures="0" timestamp="27 Apr 2017 10:22:35 GMT" time="5.072" errors="0">
  <testcase name="TestCase1" time="2.674" classname="com.Rest.Test1_BasicFeatures"/>
  <testcase name="TestCase2" time="1.095" classname="com.Rest.Test1_BasicFeatures"/>
  <testcase name="TestCase4" time="0.621" classname="com.Rest.Test1_BasicFeatures"/>
  <testcase name="TestCase6" time="0.647" classname="com.Rest.Test1_BasicFeatures"/>
</testsuite> <!-- Command line test -->
