<?xml version="1.0" encoding="UTF-8"?>
<!-- Generated by org.testng.reporters.JUnitXMLReporter -->
<testsuite hostname="RIPL-LT-PKulkar" ignored="0" name="Command line test" tests="9" failures="0" timestamp="04 May 2017 11:00:29 GMT" time="4.701" errors="0">
  <testcase name="TestCase1" time="2.243" classname="com.Rest.Test1_BasicFeatures"/>
  <testcase name="TestCase2" time="1.215" classname="com.Rest.Test1_BasicFeatures"/>
  <testcase name="TestCase4" time="0.546" classname="com.Rest.Test1_BasicFeatures"/>
  <testcase name="TestCase6" time="0.665" classname="com.Rest.Test1_BasicFeatures"/>
  <testcase name="TestCase1" time="0.0" classname="com.Rest.Test2"/>
  <testcase name="TestCase2" time="0.0" classname="com.Rest.Test2"/>
  <testcase name="TestCase3" time="0.0" classname="com.Rest.Test2"/>
  <testcase name="TestCase4" time="0.006" classname="com.Rest.Test2"/>
  <testcase name="TestCase5" time="0.0" classname="com.Rest.Test2"/>
</testsuite> <!-- Command line test -->
