<?xml version="1.0" encoding="UTF-8"?>
<testng-results skipped="0" failed="0" ignored="0" total="1" passed="1">
  <reporter-output>
  </reporter-output>
  <suite name="Default suite" duration-ms="2480" started-at="2017-04-13T08:55:21Z" finished-at="2017-04-13T08:55:24Z">
    <groups>
    </groups>
    <test name="Default test" duration-ms="2480" started-at="2017-04-13T08:55:21Z" finished-at="2017-04-13T08:55:24Z">
      <class name="com.Rest.Test1_BasicFeatures">
        <test-method status="PASS" signature="TestCase6()[pri:0, instance:com.Rest.Test1_BasicFeatures@4b9e13df]" name="TestCase6" duration-ms="2463" started-at="2017-04-13T14:25:21Z" finished-at="2017-04-13T14:25:24Z">
          <reporter-output>
          </reporter-output>
        </test-method> <!-- TestCase6 -->
      </class> <!-- com.Rest.Test1_BasicFeatures -->
    </test> <!-- Default test -->
  </suite> <!-- Default suite -->
</testng-results>
